<?xml version="1.0" encoding="UTF-8"?>
<testng-results skipped="0" failed="0" ignored="0" total="1" passed="1">
  <reporter-output>
  </reporter-output>
  <suite name="Suite" duration-ms="78526" started-at="2018-12-17T11:41:24Z" finished-at="2018-12-17T11:42:43Z">
    <groups>
    </groups>
    <test name="Test" duration-ms="78526" started-at="2018-12-17T11:41:24Z" finished-at="2018-12-17T11:42:43Z">
      <class name="test.java.Testt">
        <test-method status="PASS" signature="retret()[pri:0, instance:test.java.Testt@3f2a3a5]" name="retret" duration-ms="78482" started-at="2018-12-17T17:11:24Z" finished-at="2018-12-17T17:12:43Z">
          <reporter-output>
          </reporter-output>
        </test-method> <!-- retret -->
      </class> <!-- test.java.Testt -->
    </test> <!-- Test -->
  </suite> <!-- Suite -->
</testng-results>
