<?xml version="1.0" encoding="UTF-8"?>
<testng-results skipped="0" failed="0" ignored="0" total="1" passed="1">
  <reporter-output>
  </reporter-output>
  <suite name="Suite" duration-ms="34672" started-at="2018-12-17T09:50:27Z" finished-at="2018-12-17T09:51:02Z">
    <groups>
    </groups>
    <test name="Test" duration-ms="34672" started-at="2018-12-17T09:50:27Z" finished-at="2018-12-17T09:51:02Z">
      <class name="test.java.Testt">
        <test-method status="PASS" signature="retret()[pri:0, instance:test.java.Testt@1794d431]" name="retret" duration-ms="34597" started-at="2018-12-17T15:20:27Z" finished-at="2018-12-17T15:21:02Z">
          <reporter-output>
          </reporter-output>
        </test-method> <!-- retret -->
      </class> <!-- test.java.Testt -->
    </test> <!-- Test -->
  </suite> <!-- Suite -->
</testng-results>
